<?xml version="1.0" encoding="UTF-8"?>
<!-- Generated by org.testng.reporters.JUnitReportReporter -->
<testsuite skipped="0" hostname="pratiksha-nigade" name="testcases.LoginTest" tests="2" failures="0" timestamp="2023-02-18T11:17:40 IST" time="5.143" errors="0">
  <testcase name="loginToApplication" time="1.573" classname="testcases.LoginTest"/>
  <system-out/>
  <testcase name="loginToApplication" time="3.570" classname="testcases.LoginTest"/>
  <system-out/>
</testsuite> <!-- testcases.LoginTest -->
