<?xml version="1.0" encoding="UTF-8"?>
<!-- Generated by org.testng.reporters.JUnitReportReporter -->
<testsuite skipped="0" hostname="pratiksha-nigade" name="testcases.LoginTest" tests="2" failures="0" timestamp="2023-02-18T11:59:10 IST" time="4.650" errors="0">
  <testcase name="loginToApplication" time="2.831" classname="testcases.LoginTest"/>
  <system-out/>
  <testcase name="loginToApplication" time="1.819" classname="testcases.LoginTest"/>
  <system-out/>
</testsuite> <!-- testcases.LoginTest -->
